<?xml version="1.0" encoding="UTF-8"?>
<testsuite name="Mongo.MongoDriverTest" tests="2" skipped="0" failures="0" errors="0" timestamp="2019-05-04T22:03:31" hostname="fran-Lenovo-YOGA-710-14IKB" time="11.026">
  <properties/>
  <testcase name="getInstance" classname="Mongo.MongoDriverTest" time="5.166"/>
  <testcase name="findDNAStats" classname="Mongo.MongoDriverTest" time="5.86"/>
  <system-out><![CDATA[]]></system-out>
  <system-err><![CDATA[]]></system-err>
</testsuite>
