<?xml version="1.0" encoding="UTF-8"?>
<testsuite name="Exceptions.ForbiddenExceptionTest" tests="2" skipped="0" failures="0" errors="0" timestamp="2019-05-04T22:03:42" hostname="fran-Lenovo-YOGA-710-14IKB" time="0.002">
  <properties/>
  <testcase name="getCode" classname="Exceptions.ForbiddenExceptionTest" time="0.001"/>
  <testcase name="getMessage" classname="Exceptions.ForbiddenExceptionTest" time="0.001"/>
  <system-out><![CDATA[]]></system-out>
  <system-err><![CDATA[]]></system-err>
</testsuite>
