<?xml version="1.0" encoding="UTF-8"?>
<testsuite name="Business.Searches.VerticalTest" tests="1" skipped="0" failures="0" errors="0" timestamp="2019-05-04T22:03:31" hostname="fran-Lenovo-YOGA-710-14IKB" time="0.001">
  <properties/>
  <testcase name="verticalSearch" classname="Business.Searches.VerticalTest" time="0.001"/>
  <system-out><![CDATA[]]></system-out>
  <system-err><![CDATA[]]></system-err>
</testsuite>
