<?xml version="1.0" encoding="UTF-8"?>
<testsuite name="Mongo.MongoDriverTest" tests="2" skipped="0" failures="0" errors="0" timestamp="2019-05-04T21:16:45" hostname="fran-Lenovo-YOGA-710-14IKB" time="9.834">
  <properties/>
  <testcase name="getInstance" classname="Mongo.MongoDriverTest" time="4.802"/>
  <testcase name="findDNAStats" classname="Mongo.MongoDriverTest" time="5.032"/>
  <system-out><![CDATA[]]></system-out>
  <system-err><![CDATA[]]></system-err>
</testsuite>
